* installing *source* package ‘curl’ ...
** this is package ‘curl’ version ‘7.0.0’
** package ‘curl’ successfully unpacked and MD5 sums checked
** using staged installation
Using PKG_CFLAGS=
Using PKG_LIBS=-lcurl
** libs
using C compiler: ‘gcc (Ubuntu 13.3.0-6ubuntu2~24.04) 13.3.0’
gcc -std=gnu2x -I"/usr/share/R/include" -DNDEBUG -DSTRICT_R_HEADERS -DR_NO_REMAP     -fvisibility=hidden -fpic  -g -O2 -fno-omit-frame-pointer -mno-omit-leaf-frame-pointer -ffile-prefix-map=/build/r-base-wwoKA3/r-base-4.5.1=. -fstack-protector-strong -fstack-clash-protection -Wformat -Werror=format-security -fcf-protection -fdebug-prefix-map=/build/r-base-wwoKA3/r-base-4.5.1=/usr/src/r-base-4.5.1-1.2404.0 -Wdate-time -D_FORTIFY_SOURCE=3  -c callbacks.c -o callbacks.o
gcc -std=gnu2x -I"/usr/share/R/include" -DNDEBUG -DSTRICT_R_HEADERS -DR_NO_REMAP     -fvisibility=hidden -fpic  -g -O2 -fno-omit-frame-pointer -mno-omit-leaf-frame-pointer -ffile-prefix-map=/build/r-base-wwoKA3/r-base-4.5.1=. -fstack-protector-strong -fstack-clash-protection -Wformat -Werror=format-security -fcf-protection -fdebug-prefix-map=/build/r-base-wwoKA3/r-base-4.5.1=/usr/src/r-base-4.5.1-1.2404.0 -Wdate-time -D_FORTIFY_SOURCE=3  -c curl.c -o curl.o
gcc -std=gnu2x -I"/usr/share/R/include" -DNDEBUG -DSTRICT_R_HEADERS -DR_NO_REMAP     -fvisibility=hidden -fpic  -g -O2 -fno-omit-frame-pointer -mno-omit-leaf-frame-pointer -ffile-prefix-map=/build/r-base-wwoKA3/r-base-4.5.1=. -fstack-protector-strong -fstack-clash-protection -Wformat -Werror=format-security -fcf-protection -fdebug-prefix-map=/build/r-base-wwoKA3/r-base-4.5.1=/usr/src/r-base-4.5.1-1.2404.0 -Wdate-time -D_FORTIFY_SOURCE=3  -c download.c -o download.o
gcc -std=gnu2x -I"/usr/share/R/include" -DNDEBUG -DSTRICT_R_HEADERS -DR_NO_REMAP     -fvisibility=hidden -fpic  -g -O2 -fno-omit-frame-pointer -mno-omit-leaf-frame-pointer -ffile-prefix-map=/build/r-base-wwoKA3/r-base-4.5.1=. -fstack-protector-strong -fstack-clash-protection -Wformat -Werror=format-security -fcf-protection -fdebug-prefix-map=/build/r-base-wwoKA3/r-base-4.5.1=/usr/src/r-base-4.5.1-1.2404.0 -Wdate-time -D_FORTIFY_SOURCE=3  -c dryrun.c -o dryrun.o
gcc -std=gnu2x -I"/usr/share/R/include" -DNDEBUG -DSTRICT_R_HEADERS -DR_NO_REMAP     -fvisibility=hidden -fpic  -g -O2 -fno-omit-frame-pointer -mno-omit-leaf-frame-pointer -ffile-prefix-map=/build/r-base-wwoKA3/r-base-4.5.1=. -fstack-protector-strong -fstack-clash-protection -Wformat -Werror=format-security -fcf-protection -fdebug-prefix-map=/build/r-base-wwoKA3/r-base-4.5.1=/usr/src/r-base-4.5.1-1.2404.0 -Wdate-time -D_FORTIFY_SOURCE=3  -c escape.c -o escape.o
gcc -std=gnu2x -I"/usr/share/R/include" -DNDEBUG -DSTRICT_R_HEADERS -DR_NO_REMAP     -fvisibility=hidden -fpic  -g -O2 -fno-omit-frame-pointer -mno-omit-leaf-frame-pointer -ffile-prefix-map=/build/r-base-wwoKA3/r-base-4.5.1=. -fstack-protector-strong -fstack-clash-protection -Wformat -Werror=format-security -fcf-protection -fdebug-prefix-map=/build/r-base-wwoKA3/r-base-4.5.1=/usr/src/r-base-4.5.1-1.2404.0 -Wdate-time -D_FORTIFY_SOURCE=3  -c fetch.c -o fetch.o
gcc -std=gnu2x -I"/usr/share/R/include" -DNDEBUG -DSTRICT_R_HEADERS -DR_NO_REMAP     -fvisibility=hidden -fpic  -g -O2 -fno-omit-frame-pointer -mno-omit-leaf-frame-pointer -ffile-prefix-map=/build/r-base-wwoKA3/r-base-4.5.1=. -fstack-protector-strong -fstack-clash-protection -Wformat -Werror=format-security -fcf-protection -fdebug-prefix-map=/build/r-base-wwoKA3/r-base-4.5.1=/usr/src/r-base-4.5.1-1.2404.0 -Wdate-time -D_FORTIFY_SOURCE=3  -c findport.c -o findport.o
gcc -std=gnu2x -I"/usr/share/R/include" -DNDEBUG -DSTRICT_R_HEADERS -DR_NO_REMAP     -fvisibility=hidden -fpic  -g -O2 -fno-omit-frame-pointer -mno-omit-leaf-frame-pointer -ffile-prefix-map=/build/r-base-wwoKA3/r-base-4.5.1=. -fstack-protector-strong -fstack-clash-protection -Wformat -Werror=format-security -fcf-protection -fdebug-prefix-map=/build/r-base-wwoKA3/r-base-4.5.1=/usr/src/r-base-4.5.1-1.2404.0 -Wdate-time -D_FORTIFY_SOURCE=3  -c form.c -o form.o
gcc -std=gnu2x -I"/usr/share/R/include" -DNDEBUG -DSTRICT_R_HEADERS -DR_NO_REMAP     -fvisibility=hidden -fpic  -g -O2 -fno-omit-frame-pointer -mno-omit-leaf-frame-pointer -ffile-prefix-map=/build/r-base-wwoKA3/r-base-4.5.1=. -fstack-protector-strong -fstack-clash-protection -Wformat -Werror=format-security -fcf-protection -fdebug-prefix-map=/build/r-base-wwoKA3/r-base-4.5.1=/usr/src/r-base-4.5.1-1.2404.0 -Wdate-time -D_FORTIFY_SOURCE=3  -c getdate.c -o getdate.o
gcc -std=gnu2x -I"/usr/share/R/include" -DNDEBUG -DSTRICT_R_HEADERS -DR_NO_REMAP     -fvisibility=hidden -fpic  -g -O2 -fno-omit-frame-pointer -mno-omit-leaf-frame-pointer -ffile-prefix-map=/build/r-base-wwoKA3/r-base-4.5.1=. -fstack-protector-strong -fstack-clash-protection -Wformat -Werror=format-security -fcf-protection -fdebug-prefix-map=/build/r-base-wwoKA3/r-base-4.5.1=/usr/src/r-base-4.5.1-1.2404.0 -Wdate-time -D_FORTIFY_SOURCE=3  -c handle.c -o handle.o
gcc -std=gnu2x -I"/usr/share/R/include" -DNDEBUG -DSTRICT_R_HEADERS -DR_NO_REMAP     -fvisibility=hidden -fpic  -g -O2 -fno-omit-frame-pointer -mno-omit-leaf-frame-pointer -ffile-prefix-map=/build/r-base-wwoKA3/r-base-4.5.1=. -fstack-protector-strong -fstack-clash-protection -Wformat -Werror=format-security -fcf-protection -fdebug-prefix-map=/build/r-base-wwoKA3/r-base-4.5.1=/usr/src/r-base-4.5.1-1.2404.0 -Wdate-time -D_FORTIFY_SOURCE=3  -c ieproxy.c -o ieproxy.o
gcc -std=gnu2x -I"/usr/share/R/include" -DNDEBUG -DSTRICT_R_HEADERS -DR_NO_REMAP     -fvisibility=hidden -fpic  -g -O2 -fno-omit-frame-pointer -mno-omit-leaf-frame-pointer -ffile-prefix-map=/build/r-base-wwoKA3/r-base-4.5.1=. -fstack-protector-strong -fstack-clash-protection -Wformat -Werror=format-security -fcf-protection -fdebug-prefix-map=/build/r-base-wwoKA3/r-base-4.5.1=/usr/src/r-base-4.5.1-1.2404.0 -Wdate-time -D_FORTIFY_SOURCE=3  -c init.c -o init.o
gcc -std=gnu2x -I"/usr/share/R/include" -DNDEBUG -DSTRICT_R_HEADERS -DR_NO_REMAP     -fvisibility=hidden -fpic  -g -O2 -fno-omit-frame-pointer -mno-omit-leaf-frame-pointer -ffile-prefix-map=/build/r-base-wwoKA3/r-base-4.5.1=. -fstack-protector-strong -fstack-clash-protection -Wformat -Werror=format-security -fcf-protection -fdebug-prefix-map=/build/r-base-wwoKA3/r-base-4.5.1=/usr/src/r-base-4.5.1-1.2404.0 -Wdate-time -D_FORTIFY_SOURCE=3  -c interrupt.c -o interrupt.o
gcc -std=gnu2x -I"/usr/share/R/include" -DNDEBUG -DSTRICT_R_HEADERS -DR_NO_REMAP     -fvisibility=hidden -fpic  -g -O2 -fno-omit-frame-pointer -mno-omit-leaf-frame-pointer -ffile-prefix-map=/build/r-base-wwoKA3/r-base-4.5.1=. -fstack-protector-strong -fstack-clash-protection -Wformat -Werror=format-security -fcf-protection -fdebug-prefix-map=/build/r-base-wwoKA3/r-base-4.5.1=/usr/src/r-base-4.5.1-1.2404.0 -Wdate-time -D_FORTIFY_SOURCE=3  -c multi.c -o multi.o
gcc -std=gnu2x -I"/usr/share/R/include" -DNDEBUG -DSTRICT_R_HEADERS -DR_NO_REMAP     -fvisibility=hidden -fpic  -g -O2 -fno-omit-frame-pointer -mno-omit-leaf-frame-pointer -ffile-prefix-map=/build/r-base-wwoKA3/r-base-4.5.1=. -fstack-protector-strong -fstack-clash-protection -Wformat -Werror=format-security -fcf-protection -fdebug-prefix-map=/build/r-base-wwoKA3/r-base-4.5.1=/usr/src/r-base-4.5.1-1.2404.0 -Wdate-time -D_FORTIFY_SOURCE=3  -c nslookup.c -o nslookup.o
gcc -std=gnu2x -I"/usr/share/R/include" -DNDEBUG -DSTRICT_R_HEADERS -DR_NO_REMAP     -fvisibility=hidden -fpic  -g -O2 -fno-omit-frame-pointer -mno-omit-leaf-frame-pointer -ffile-prefix-map=/build/r-base-wwoKA3/r-base-4.5.1=. -fstack-protector-strong -fstack-clash-protection -Wformat -Werror=format-security -fcf-protection -fdebug-prefix-map=/build/r-base-wwoKA3/r-base-4.5.1=/usr/src/r-base-4.5.1-1.2404.0 -Wdate-time -D_FORTIFY_SOURCE=3  -c options.c -o options.o
gcc -std=gnu2x -I"/usr/share/R/include" -DNDEBUG -DSTRICT_R_HEADERS -DR_NO_REMAP     -fvisibility=hidden -fpic  -g -O2 -fno-omit-frame-pointer -mno-omit-leaf-frame-pointer -ffile-prefix-map=/build/r-base-wwoKA3/r-base-4.5.1=. -fstack-protector-strong -fstack-clash-protection -Wformat -Werror=format-security -fcf-protection -fdebug-prefix-map=/build/r-base-wwoKA3/r-base-4.5.1=/usr/src/r-base-4.5.1-1.2404.0 -Wdate-time -D_FORTIFY_SOURCE=3  -c reflist.c -o reflist.o
gcc -std=gnu2x -I"/usr/share/R/include" -DNDEBUG -DSTRICT_R_HEADERS -DR_NO_REMAP     -fvisibility=hidden -fpic  -g -O2 -fno-omit-frame-pointer -mno-omit-leaf-frame-pointer -ffile-prefix-map=/build/r-base-wwoKA3/r-base-4.5.1=. -fstack-protector-strong -fstack-clash-protection -Wformat -Werror=format-security -fcf-protection -fdebug-prefix-map=/build/r-base-wwoKA3/r-base-4.5.1=/usr/src/r-base-4.5.1-1.2404.0 -Wdate-time -D_FORTIFY_SOURCE=3  -c split.c -o split.o
gcc -std=gnu2x -I"/usr/share/R/include" -DNDEBUG -DSTRICT_R_HEADERS -DR_NO_REMAP     -fvisibility=hidden -fpic  -g -O2 -fno-omit-frame-pointer -mno-omit-leaf-frame-pointer -ffile-prefix-map=/build/r-base-wwoKA3/r-base-4.5.1=. -fstack-protector-strong -fstack-clash-protection -Wformat -Werror=format-security -fcf-protection -fdebug-prefix-map=/build/r-base-wwoKA3/r-base-4.5.1=/usr/src/r-base-4.5.1-1.2404.0 -Wdate-time -D_FORTIFY_SOURCE=3  -c ssl.c -o ssl.o
gcc -std=gnu2x -I"/usr/share/R/include" -DNDEBUG -DSTRICT_R_HEADERS -DR_NO_REMAP     -fvisibility=hidden -fpic  -g -O2 -fno-omit-frame-pointer -mno-omit-leaf-frame-pointer -ffile-prefix-map=/build/r-base-wwoKA3/r-base-4.5.1=. -fstack-protector-strong -fstack-clash-protection -Wformat -Werror=format-security -fcf-protection -fdebug-prefix-map=/build/r-base-wwoKA3/r-base-4.5.1=/usr/src/r-base-4.5.1-1.2404.0 -Wdate-time -D_FORTIFY_SOURCE=3  -c typechecking.c -o typechecking.o
gcc -std=gnu2x -I"/usr/share/R/include" -DNDEBUG -DSTRICT_R_HEADERS -DR_NO_REMAP     -fvisibility=hidden -fpic  -g -O2 -fno-omit-frame-pointer -mno-omit-leaf-frame-pointer -ffile-prefix-map=/build/r-base-wwoKA3/r-base-4.5.1=. -fstack-protector-strong -fstack-clash-protection -Wformat -Werror=format-security -fcf-protection -fdebug-prefix-map=/build/r-base-wwoKA3/r-base-4.5.1=/usr/src/r-base-4.5.1-1.2404.0 -Wdate-time -D_FORTIFY_SOURCE=3  -c urlparser.c -o urlparser.o
gcc -std=gnu2x -I"/usr/share/R/include" -DNDEBUG -DSTRICT_R_HEADERS -DR_NO_REMAP     -fvisibility=hidden -fpic  -g -O2 -fno-omit-frame-pointer -mno-omit-leaf-frame-pointer -ffile-prefix-map=/build/r-base-wwoKA3/r-base-4.5.1=. -fstack-protector-strong -fstack-clash-protection -Wformat -Werror=format-security -fcf-protection -fdebug-prefix-map=/build/r-base-wwoKA3/r-base-4.5.1=/usr/src/r-base-4.5.1-1.2404.0 -Wdate-time -D_FORTIFY_SOURCE=3  -c utils.c -o utils.o
gcc -std=gnu2x -I"/usr/share/R/include" -DNDEBUG -DSTRICT_R_HEADERS -DR_NO_REMAP     -fvisibility=hidden -fpic  -g -O2 -fno-omit-frame-pointer -mno-omit-leaf-frame-pointer -ffile-prefix-map=/build/r-base-wwoKA3/r-base-4.5.1=. -fstack-protector-strong -fstack-clash-protection -Wformat -Werror=format-security -fcf-protection -fdebug-prefix-map=/build/r-base-wwoKA3/r-base-4.5.1=/usr/src/r-base-4.5.1-1.2404.0 -Wdate-time -D_FORTIFY_SOURCE=3  -c version.c -o version.o
gcc -std=gnu2x -I"/usr/share/R/include" -DNDEBUG -DSTRICT_R_HEADERS -DR_NO_REMAP     -fvisibility=hidden -fpic  -g -O2 -fno-omit-frame-pointer -mno-omit-leaf-frame-pointer -ffile-prefix-map=/build/r-base-wwoKA3/r-base-4.5.1=. -fstack-protector-strong -fstack-clash-protection -Wformat -Werror=format-security -fcf-protection -fdebug-prefix-map=/build/r-base-wwoKA3/r-base-4.5.1=/usr/src/r-base-4.5.1-1.2404.0 -Wdate-time -D_FORTIFY_SOURCE=3  -c winidn.c -o winidn.o
gcc -std=gnu2x -I"/usr/share/R/include" -DNDEBUG -DSTRICT_R_HEADERS -DR_NO_REMAP     -fvisibility=hidden -fpic  -g -O2 -fno-omit-frame-pointer -mno-omit-leaf-frame-pointer -ffile-prefix-map=/build/r-base-wwoKA3/r-base-4.5.1=. -fstack-protector-strong -fstack-clash-protection -Wformat -Werror=format-security -fcf-protection -fdebug-prefix-map=/build/r-base-wwoKA3/r-base-4.5.1=/usr/src/r-base-4.5.1-1.2404.0 -Wdate-time -D_FORTIFY_SOURCE=3  -c writer.c -o writer.o
gcc -std=gnu2x -shared -L/usr/lib/R/lib -Wl,-Bsymbolic-functions -flto=auto -ffat-lto-objects -Wl,-z,relro -o curl.so callbacks.o curl.o download.o dryrun.o escape.o fetch.o findport.o form.o getdate.o handle.o ieproxy.o init.o interrupt.o multi.o nslookup.o options.o reflist.o split.o ssl.o typechecking.o urlparser.o utils.o version.o winidn.o writer.o -lcurl -L/usr/lib/R/lib -lR
installing to /home/pablo/R/x86_64-pc-linux-gnu-library/4.5/00LOCK-curl/00new/curl/libs
** R
** inst
** byte-compile and prepare package for lazy loading
** help
*** installing help indices
** building package indices
** installing vignettes
** testing if installed package can be loaded from temporary location
** checking absolute paths in shared objects and dynamic libraries
** testing if installed package can be loaded from final location
** testing if installed package keeps a record of temporary installation path
* DONE (curl)
